This is pdfeTeXk, Version 3.141592-1.21a-2.2 (Web2C 7.5.4) (format=pdflatex 2005.9.12)  28 SEP 2007 15:23
entering extended mode
 file:line:error style messages enabled.
**\nonstopmode \input /home/hyang/maanova/inst/doc/maanova.tex
(/home/hyang/maanova/inst/doc/maanova.tex
(/usr/share/texmf/tex/latex/base/article.cls
Document Class: article 2004/02/16 v1.4f Standard LaTeX document class
(/usr/share/texmf/tex/latex/base/size12.clo
File: size12.clo 2004/02/16 v1.4f Standard LaTeX file (size option)
)
\c@part=\count79
\c@section=\count80
\c@subsection=\count81
\c@subsubsection=\count82
\c@paragraph=\count83
\c@subparagraph=\count84
\c@figure=\count85
\c@table=\count86
\abovecaptionskip=\skip41
\belowcaptionskip=\skip42
\bibindent=\dimen102
)
(/usr/share/texmf/tex/latex/graphics/graphics.sty
Package: graphics 2001/07/07 v1.0n Standard LaTeX Graphics (DPC,SPQR)

(/usr/share/texmf/tex/latex/graphics/trig.sty
Package: trig 1999/03/16 v1.09 sin cos tan (DPC)
)
(/usr/share/texmf/tex/latex/graphics/graphics.cfg
File: graphics.cfg 2005/02/03 v1.3 graphics configuration of teTeX/TeXLive
)
Package graphics Info: Driver file: pdftex.def on input line 80.

(/usr/share/texmf/tex/latex/graphics/pdftex.def
File: pdftex.def 2002/06/19 v0.03k graphics/color for pdftex
\Gread@gobject=\count87
))
(/usr/share/texmf/tex/latex/amsmath/amsmath.sty
Package: amsmath 2000/07/18 v2.13 AMS math features
\@mathmargin=\skip43

For additional information on amsmath, use the `?' option.
(/usr/share/texmf/tex/latex/amsmath/amstext.sty
Package: amstext 2000/06/29 v2.01

(/usr/share/texmf/tex/latex/amsmath/amsgen.sty
File: amsgen.sty 1999/11/30 v2.0
\@emptytoks=\toks14
\ex@=\dimen103
))
(/usr/share/texmf/tex/latex/amsmath/amsbsy.sty
Package: amsbsy 1999/11/29 v1.2d
\pmbraise@=\dimen104
)
(/usr/share/texmf/tex/latex/amsmath/amsopn.sty
Package: amsopn 1999/12/14 v2.01 operator names
)
\inf@bad=\count88
LaTeX Info: Redefining \frac on input line 211.
\uproot@=\count89
\leftroot@=\count90
LaTeX Info: Redefining \overline on input line 307.
\classnum@=\count91
\DOTSCASE@=\count92
LaTeX Info: Redefining \ldots on input line 379.
LaTeX Info: Redefining \dots on input line 382.
LaTeX Info: Redefining \cdots on input line 467.
\Mathstrutbox@=\box26
\strutbox@=\box27
\big@size=\dimen105
LaTeX Font Info:    Redeclaring font encoding OML on input line 567.
LaTeX Font Info:    Redeclaring font encoding OMS on input line 568.
\macc@depth=\count93
\c@MaxMatrixCols=\count94
\dotsspace@=\muskip10
\c@parentequation=\count95
\dspbrk@lvl=\count96
\tag@help=\toks15
\row@=\count97
\column@=\count98
\maxfields@=\count99
\andhelp@=\toks16
\eqnshift@=\dimen106
\alignsep@=\dimen107
\tagshift@=\dimen108
\tagwidth@=\dimen109
\totwidth@=\dimen110
\lineht@=\dimen111
\@envbody=\toks17
\multlinegap=\skip44
\multlinetaggap=\skip45
\mathdisplay@stack=\toks18
LaTeX Info: Redefining \[ on input line 2666.
LaTeX Info: Redefining \] on input line 2667.
)
(/usr/share/texmf/tex/latex/pstricks/pstricks.sty
Package: pstricks 2004/05/12 v0.2l LaTeX wrapper for `PSTricks' (RN,HV)

(/usr/share/texmf/tex/generic/pstricks/pstricks.tex
`PSTricks' v1.04  <2004/06/22> (tvz)
\pst@dima=\dimen112
\pst@dimb=\dimen113
\pst@dimc=\dimen114
\pst@dimd=\dimen115
\pst@dimg=\dimen116
\pst@dimh=\dimen117
\pst@hbox=\box28
\pst@boxg=\box29
\pst@cnta=\count100
\pst@cntb=\count101
\pst@cntc=\count102
\pst@cntd=\count103
\pst@cntg=\count104
\pst@cnth=\count105
\pst@toks=\toks19
(/usr/share/texmf/tex/generic/pstricks/pstricks.con)
\psunit=\dimen118
\psxunit=\dimen119
\psyunit=\dimen120
\pslinewidth=\dimen121
\pst@customdefs=\toks20
\pslinearc=\dimen122
\everypsbox=\toks21
\psframesep=\dimen123
\pslabelsep=\dimen124
\theoverlaybox=\box30
)
File: pstricks.tex 2004/06/22 v1.04 `PSTricks' (tvz)

(/usr/share/texmf/tex/latex/xcolor/xcolor.sty
Package: xcolor 2004/07/04 v2.00 LaTeX color extensions (UK)

(/usr/share/texmf/tex/latex/graphics/color.cfg
File: color.cfg 2005/02/03 v1.3 color configuration of teTeX/TeXLive
)
Package xcolor Info: Package option `override' ignored on input line 128.
Package xcolor Info: Driver file: pdftex.def on input line 136.
Package xcolor Info: Color model `cmy' added on input line 972.
Package xcolor Info: Color model `hsb' added on input line 980.
Package xcolor Info: Color model `HTML' added on input line 1000.
Package xcolor Info: Color model `HSB' added on input line 1006.
Package xcolor Info: Color model `Gray' added on input line 1012.
))
(/usr/share/texmf/tex/latex/hyperref/hyperref.sty
Package: hyperref 2003/11/30 v6.74m Hypertext links for LaTeX

(/usr/share/texmf/tex/latex/graphics/keyval.sty
Package: keyval 1999/03/16 v1.13 key=value parser (DPC)
\KV@toks@=\toks22
)
\@linkdim=\dimen125
\Hy@linkcounter=\count106
\Hy@pagecounter=\count107

(/usr/share/texmf/tex/latex/hyperref/pd1enc.def
File: pd1enc.def 2003/11/30 v6.74m Hyperref: PDFDocEncoding definition (HO)
)
(/usr/share/texmf/tex/latex/hyperref/hyperref.cfg
File: hyperref.cfg 2005/03/07 hyperref configuration of teTeX 3.0
)
Package hyperref Info: Hyper figures OFF on input line 1880.
Package hyperref Info: Link nesting OFF on input line 1885.
Package hyperref Info: Hyper index ON on input line 1888.
Package hyperref Info: Plain pages ON on input line 1893.
Package hyperref Info: Backreferencing OFF on input line 1900.

Implicit mode ON; LaTeX internals redefined
Package hyperref Info: Bookmarks ON on input line 2004.
(/usr/share/texmf/tex/latex/url/url.sty
\Urlmuskip=\muskip11
Package: url 2004/03/15  ver 3.1  Verb mode for urls, etc.
)
LaTeX Info: Redefining \url on input line 2143.
\Fld@menulength=\count108
\Field@Width=\dimen126
\Fld@charsize=\dimen127
\Choice@toks=\toks23
\Field@toks=\toks24
Package hyperref Info: Hyper figures OFF on input line 2618.
Package hyperref Info: Link nesting OFF on input line 2623.
Package hyperref Info: Hyper index ON on input line 2626.
Package hyperref Info: backreferencing OFF on input line 2633.
Package hyperref Info: Link coloring OFF on input line 2638.
\c@Item=\count109
\c@Hfootnote=\count110
)
*hyperref using driver hpdftex*
(/usr/share/texmf/tex/latex/hyperref/hpdftex.def
File: hpdftex.def 2003/11/30 v6.74m Hyperref driver for pdfTeX

(/usr/share/texmf/tex/latex/psnfss/pifont.sty
Package: pifont 2004/09/15 PSNFSS-v9.2 Pi font support (SPQR) 
LaTeX Font Info:    Try loading font information for U+pzd on input line 63.

(/usr/share/texmf/tex/latex/psnfss/upzd.fd
File: upzd.fd 2001/06/04 font definitions for U/pzd.
)
LaTeX Font Info:    Try loading font information for U+psy on input line 64.

(/usr/share/texmf/tex/latex/psnfss/upsy.fd
File: upsy.fd 2001/06/04 font definitions for U/psy.
))
\Fld@listcount=\count111
\@outlinefile=\write3
)
(/usr/share/texmf/tex/latex/natbib/natbib.sty
Package: natbib 2003/06/06 7.1 (PWD)
\bibhang=\skip46
\bibsep=\skip47
LaTeX Info: Redefining \cite on input line 518.
\c@NAT@ctr=\count112
)
(/usr/local/lib64/R/share/texmf/Sweave.sty
Package: Sweave 

(/usr/share/texmf/tex/latex/base/ifthen.sty
Package: ifthen 2001/05/26 v1.1c Standard LaTeX ifthen package (DPC)
)
(/usr/share/texmf/tex/latex/graphics/graphicx.sty
Package: graphicx 1999/02/16 v1.0f Enhanced LaTeX Graphics (DPC,SPQR)
\Gin@req@height=\dimen128
\Gin@req@width=\dimen129
)
(/usr/share/texmf/tex/latex/fancyvrb/fancyvrb.sty
Package: fancyvrb 1998/07/17

Style option: `fancyvrb' v2.6, with DG/SPQR fixes <1998/07/17> (tvz)
\FV@CodeLineNo=\count113
\FV@InFile=\read1
\FV@TabBox=\box31
\c@FancyVerbLine=\count114
\FV@StepNumber=\count115
\FV@OutFile=\write4

No file fancyvrb.cfg.
) (/usr/local/lib64/R/share/texmf/upquote.sty
Package: upquote 2003/08/11 v1.1 Covington's upright-quote modification to verb
atim and verb

(/usr/share/texmf/tex/latex/base/textcomp.sty
Package: textcomp 2004/02/22 v1.99f Standard LaTeX package
Package textcomp Info: Sub-encoding information:
(textcomp)               5 = only ISO-Adobe without \textcurrency
(textcomp)               4 = 5 + \texteuro
(textcomp)               3 = 4 + \textohm
(textcomp)               2 = 3 + \textestimated + \textcurrency
(textcomp)               1 = TS1 - \textcircled - \t
(textcomp)               0 = TS1 (full)
(textcomp)             Font families with sub-encoding setting implement
(textcomp)             only a restricted character set as indicated.
(textcomp)             Family '?' is the default used for unknown fonts.
(textcomp)             See the documentation for details.
Package textcomp Info: Setting ? sub-encoding to TS1/1 on input line 71.

(/usr/share/texmf/tex/latex/base/ts1enc.def
File: ts1enc.def 2001/06/05 v3.0e (jk/car/fm) Standard LaTeX file
)
LaTeX Info: Redefining \oldstylenums on input line 266.
Package textcomp Info: Setting cmr sub-encoding to TS1/0 on input line 281.
Package textcomp Info: Setting cmss sub-encoding to TS1/0 on input line 282.
Package textcomp Info: Setting cmtt sub-encoding to TS1/0 on input line 283.
Package textcomp Info: Setting cmvtt sub-encoding to TS1/0 on input line 284.
Package textcomp Info: Setting cmbr sub-encoding to TS1/0 on input line 285.
Package textcomp Info: Setting cmtl sub-encoding to TS1/0 on input line 286.
Package textcomp Info: Setting ccr sub-encoding to TS1/0 on input line 287.
Package textcomp Info: Setting ptm sub-encoding to TS1/4 on input line 288.
Package textcomp Info: Setting pcr sub-encoding to TS1/4 on input line 289.
Package textcomp Info: Setting phv sub-encoding to TS1/4 on input line 290.
Package textcomp Info: Setting ppl sub-encoding to TS1/3 on input line 291.
Package textcomp Info: Setting pag sub-encoding to TS1/4 on input line 292.
Package textcomp Info: Setting pbk sub-encoding to TS1/4 on input line 293.
Package textcomp Info: Setting pnc sub-encoding to TS1/4 on input line 294.
Package textcomp Info: Setting pzc sub-encoding to TS1/4 on input line 295.
Package textcomp Info: Setting bch sub-encoding to TS1/4 on input line 296.
Package textcomp Info: Setting put sub-encoding to TS1/5 on input line 297.
Package textcomp Info: Setting uag sub-encoding to TS1/5 on input line 298.
Package textcomp Info: Setting ugq sub-encoding to TS1/5 on input line 299.
Package textcomp Info: Setting ul8 sub-encoding to TS1/4 on input line 300.
Package textcomp Info: Setting ul9 sub-encoding to TS1/4 on input line 301.
Package textcomp Info: Setting augie sub-encoding to TS1/5 on input line 302.
Package textcomp Info: Setting dayrom sub-encoding to TS1/3 on input line 303.
Package textcomp Info: Setting dayroms sub-encoding to TS1/3 on input line 304.

Package textcomp Info: Setting pxr sub-encoding to TS1/0 on input line 305.
Package textcomp Info: Setting pxss sub-encoding to TS1/0 on input line 306.
Package textcomp Info: Setting pxtt sub-encoding to TS1/0 on input line 307.
Package textcomp Info: Setting txr sub-encoding to TS1/0 on input line 308.
Package textcomp Info: Setting txss sub-encoding to TS1/0 on input line 309.
Package textcomp Info: Setting txtt sub-encoding to TS1/0 on input line 310.
Package textcomp Info: Setting futs sub-encoding to TS1/4 on input line 311.
Package textcomp Info: Setting futx sub-encoding to TS1/4 on input line 312.
Package textcomp Info: Setting futj sub-encoding to TS1/4 on input line 313.
Package textcomp Info: Setting hlh sub-encoding to TS1/3 on input line 314.
Package textcomp Info: Setting hls sub-encoding to TS1/3 on input line 315.
Package textcomp Info: Setting hlst sub-encoding to TS1/3 on input line 316.
Package textcomp Info: Setting hlct sub-encoding to TS1/5 on input line 317.
Package textcomp Info: Setting hlx sub-encoding to TS1/5 on input line 318.
Package textcomp Info: Setting hlce sub-encoding to TS1/5 on input line 319.
Package textcomp Info: Setting hlcn sub-encoding to TS1/5 on input line 320.
Package textcomp Info: Setting hlcw sub-encoding to TS1/5 on input line 321.
Package textcomp Info: Setting hlcf sub-encoding to TS1/5 on input line 322.
Package textcomp Info: Setting pplx sub-encoding to TS1/3 on input line 323.
Package textcomp Info: Setting pplj sub-encoding to TS1/3 on input line 324.
Package textcomp Info: Setting ptmx sub-encoding to TS1/4 on input line 325.
Package textcomp Info: Setting ptmj sub-encoding to TS1/4 on input line 326.
))
(/usr/share/texmf/tex/latex/base/fontenc.sty
Package: fontenc 2004/02/22 v1.99f Standard LaTeX package

(/usr/share/texmf/tex/latex/base/t1enc.def
File: t1enc.def 2004/02/22 v1.99f Standard LaTeX file
LaTeX Font Info:    Redeclaring font encoding T1 on input line 43.
))
(/usr/share/texmf/tex/latex/ae/ae.sty
Package: ae 2001/02/12 1.3 Almost European Computer Modern

(/usr/share/texmf/tex/latex/base/fontenc.sty
Package: fontenc 2004/02/22 v1.99f Standard LaTeX package

(/usr/share/texmf/tex/latex/base/t1enc.def
File: t1enc.def 2004/02/22 v1.99f Standard LaTeX file
LaTeX Font Info:    Redeclaring font encoding T1 on input line 43.
)
LaTeX Font Info:    Try loading font information for T1+aer on input line 100.

(/usr/share/texmf/tex/latex/ae/t1aer.fd
File: t1aer.fd 1997/11/16 Font definitions for T1/aer.
)))) (./maanova.aux)
\openout1 = `maanova.aux'.

LaTeX Font Info:    Checking defaults for OML/cmm/m/it on input line 28.
LaTeX Font Info:    ... okay on input line 28.
LaTeX Font Info:    Checking defaults for T1/cmr/m/n on input line 28.
LaTeX Font Info:    ... okay on input line 28.
LaTeX Font Info:    Checking defaults for OT1/cmr/m/n on input line 28.
LaTeX Font Info:    ... okay on input line 28.
LaTeX Font Info:    Checking defaults for OMS/cmsy/m/n on input line 28.
LaTeX Font Info:    ... okay on input line 28.
LaTeX Font Info:    Checking defaults for OMX/cmex/m/n on input line 28.
LaTeX Font Info:    ... okay on input line 28.
LaTeX Font Info:    Checking defaults for U/cmr/m/n on input line 28.
LaTeX Font Info:    ... okay on input line 28.
LaTeX Font Info:    Checking defaults for PD1/pdf/m/n on input line 28.
LaTeX Font Info:    ... okay on input line 28.
LaTeX Font Info:    Checking defaults for TS1/cmr/m/n on input line 28.
LaTeX Font Info:    Try loading font information for TS1+cmr on input line 28.

(/usr/share/texmf/tex/latex/base/ts1cmr.fd
File: ts1cmr.fd 1999/05/25 v2.5h Standard LaTeX font definitions
)
LaTeX Font Info:    ... okay on input line 28.
Package hyperref Info: Link coloring OFF on input line 28.

(/usr/share/texmf/tex/latex/hyperref/nameref.sty
Package: nameref 2003/12/03 v2.21 Cross-referencing by name of section
\c@section@level=\count116
)
LaTeX Info: Redefining \ref on input line 28.
LaTeX Info: Redefining \pageref on input line 28.
 (./maanova.out)
(./maanova.out)
\openout3 = `maanova.out'.

 (./maanova.toc
Overfull \vbox (21.68121pt too high) has occurred while \output is active []


[1
Non-PDF special ignored!
Non-PDF special ignored!

{/var/lib/texmf/fonts/map/pdftex/updmap/pdftex.map}])
\tf@toc=\write5
\openout5 = `maanova.toc'.


(./intro.tex
LaTeX Font Info:    Try loading font information for TS1+aer on input line 9.
 (/usr/local/lib64/R/share/texmf/ts1aer.fd
File: ts1aer.fd 
)
LaTeX Font Info:    Font shape `TS1/aer/m/n' in size <12> not available
(Font)              Font shape `TS1/cmr/m/n' tried instead on input line 9.

Overfull \vbox (21.68121pt too high) has occurred while \output is active []


[2]
LaTeX Font Info:    Try loading font information for T1+aett on input line 32.
 (/usr/share/texmf/tex/latex/ae/t1aett.fd
File: t1aett.fd 1997/11/16 Font definitions for T1/aett.
)
Overfull \hbox (31.67097pt too wide) in paragraph at lines 31--35
\T1/aett/m/n/12 http://cran.r-project.org \T1/aer/m/n/12 or a lo-cal mir-ror si
te. Source code is avail-able for UNIX/LINUX,
 []


Overfull \hbox (12.77904pt too wide) in paragraph at lines 40--43
[]\T1/aer/m/n/12 Select Menu \T1/aett/m/n/12 Pack-ages\T1/aer/m/n/12 , click \T
1/aett/m/n/12 In-stall pack-age from lo-cal zip file\T1/aer/m/n/12 . Choose
 []


Overfull \hbox (2.0066pt too wide) in paragraph at lines 59--69
\T1/aer/m/n/12 file \T1/aett/m/n/12 .Ren-v-i-ron \T1/aer/m/n/12 in your home di
-rec-tory to con-tain the line \T1/aett/m/n/12 R_LIBS=/home/user/Rlib
 []


Overfull \vbox (21.68121pt too high) has occurred while \output is active []


[3]
Overfull \vbox (21.68121pt too high) has occurred while \output is active []


[4]
Overfull \hbox (2.13293pt too wide) in paragraph at lines 110--112
[]\T1/aer/m/n/12 Data trans-for-ma-tion with op-tions to use any of sev-eral me
th-
 []


Overfull \vbox (21.68121pt too high) has occurred while \output is active []


[5]) (./prepfile.tex
Overfull \vbox (21.68121pt too high) has occurred while \output is active []


[6]
Overfull \vbox (21.68121pt too high) has occurred while \output is active []


[7]
Overfull \hbox (7.18997pt too wide) in paragraph at lines 46--52
\T1/aer/m/n/12 CAMDA kid-ney data file at \T1/aett/m/n/12 http://www.jax.org/st
aff/churchill/labsite/software
 []


Overfull \vbox (21.68121pt too high) has occurred while \output is active []


[8]) (./Rtour.tex
Overfull \vbox (21.68121pt too high) has occurred while \output is active []


[9]) (./camda.tex
Overfull \hbox (48.30171pt too wide) in paragraph at lines 3--9
\T1/aer/m/n/12 orig-i-nally de-scribed by Pritchard \T1/aer/m/it/12 et al\T1/ae
r/m/n/12 . The web-site for CAMDA is \T1/aett/m/n/12 http://www.camda.duke.edu\
T1/aer/m/n/12 .
 []

LaTeX Font Info:    Try loading font information for TS1+aett on input line 16.

(/usr/local/lib64/R/share/texmf/ts1aett.fd
File: ts1aett.fd 
)
LaTeX Font Info:    Try loading font information for TS1+cmtt on input line 16.


(/usr/share/texmf/tex/latex/base/ts1cmtt.fd
File: ts1cmtt.fd 1999/05/25 v2.5h Standard LaTeX font definitions
)
LaTeX Font Info:    Font shape `TS1/aett/m/sl' in size <12> not available
(Font)              Font shape `TS1/cmtt/m/sl' tried instead on input line 16.

<gridcheck.png, id=229, 481.8pt x 481.8pt>
File: gridcheck.png Graphic file (type png)
 <use gridcheck.png>
<riplot.png, id=230, 481.8pt x 481.8pt>
File: riplot.png Graphic file (type png)
 <use riplot.png>
<arrayview.png, id=231, 481.8pt x 481.8pt>
File: arrayview.png Graphic file (type png)
 <use arrayview.png>
Overfull \vbox (21.68121pt too high) has occurred while \output is active []


[10]
Overfull \vbox (21.68121pt too high) has occurred while \output is active []


[11 <./gridcheck.png>]
Overfull \vbox (21.68121pt too high) has occurred while \output is active []


[12 <./riplot.png>]
Overfull \vbox (21.68121pt too high) has occurred while \output is active []


[13 <./arrayview.png>] <rlowess.png, id=263, 481.8pt x 481.8pt>
File: rlowess.png Graphic file (type png)

<use rlowess.png>
Overfull \vbox (21.68121pt too high) has occurred while \output is active []


[14 <./rlowess.png>]
Overfull \hbox (12.32976pt too wide) in paragraph at lines 121--127
\T1/aer/m/n/12 un-der \T1/aett/m/n/12 mat-est() \T1/aer/m/n/12 ob-ject, i.e., p
-value for Fs test statis-tics is saved at \T1/aett/m/n/12 test.fix$Fs$Pvalperm

 []


Overfull \vbox (21.68121pt too high) has occurred while \output is active []


[15] <volcano.png, id=277, 481.8pt x 481.8pt>
File: volcano.png Graphic file (type png)
 <use volcano.png>
Overfull \vbox (21.68121pt too high) has occurred while \output is active []


[16 <./volcano.png>] <vgprofile.pdf, id=285, 433.62pt x 466.74374pt>
File: vgprofile.pdf Graphic file (type pdf)

<use vgprofile.pdf> <hckidney.pdf, id=286, 476.78125pt x 462.72874pt>
File: hckidney.pdf Graphic file (type pdf)

<use hckidney.pdf>) (./abf1.tex
Overfull \vbox (21.68121pt too high) has occurred while \output is active []


[17]
Overfull \vbox (21.68121pt too high) has occurred while \output is active []


[18 <./vgprofile.pdf>]
Overfull \vbox (21.68121pt too high) has occurred while \output is active []


[19 <./hckidney.pdf, page is rotated 90 degrees>]
<abf1fig.pdf, id=328, 335.2525pt x 94.3525pt>
File: abf1fig.pdf Graphic file (type pdf)
 <use abf1fig.pdf>
Overfull \vbox (21.68121pt too high) has occurred while \output is active []


[20 <./abf1fig.pdf>]
Overfull \vbox (21.68121pt too high) has occurred while \output is active []


[21]) (./maanova.bbl
Overfull \vbox (21.68121pt too high) has occurred while \output is active []


[22]
Overfull \vbox (21.68121pt too high) has occurred while \output is active []


[23])
Overfull \vbox (21.68121pt too high) has occurred while \output is active []


[24] (./MPI.tex
Overfull \hbox (6.32286pt too wide) in paragraph at lines 16--21
[]\T1/aer/m/n/12 Here I pro-vide some tips for sys-tem and soft-ware con-fig-u-
ra-tions for run-ning R/maanova
 []


Overfull \hbox (5.97821pt too wide) in paragraph at lines 23--27
\T1/aer/m/n/12 The com-puter clus-ter need to be Unix/Linux clus-ter with LAM/M
PI in-stalled. LAM/MPI
 []


Overfull \vbox (21.68121pt too high) has occurred while \output is active []


[25]
Underfull \hbox (badness 10000) in paragraph at lines 84--85

 []


Overfull \vbox (21.68121pt too high) has occurred while \output is active []


[26]) (./algorithm.tex
Overfull \vbox (21.68121pt too high) has occurred while \output is active []


[27]
Overfull \vbox (21.68121pt too high) has occurred while \output is active []


[28]
Overfull \vbox (21.68121pt too high) has occurred while \output is active []


[29]

Package hyperref Warning: Token not allowed in a PDFDocEncoded string,
(hyperref)                removing `math shift' on input line 144.


Package hyperref Warning: Token not allowed in a PDFDocEncoded string,
(hyperref)                removing `math shift' on input line 144.


Overfull \vbox (21.68121pt too high) has occurred while \output is active []


[30]) (./faq.tex
Overfull \vbox (21.68121pt too high) has occurred while \output is active []


[31]
Overfull \vbox (21.68121pt too high) has occurred while \output is active []


[32])
Overfull \vbox (21.68121pt too high) has occurred while \output is active []


[33] (./maanova.aux) ) 
Here is how much of TeX's memory you used:
 5733 strings out of 94499
 72902 string characters out of 1172810
 138460 words of memory out of 3500000
 8598 multiletter control sequences out of 10000+50000
 32927 words of font info for 76 fonts, out of 500000 for 2000
 580 hyphenation exceptions out of 1000
 35i,9n,40p,323b,317s stack positions out of 1500i,500n,5000p,200000b,5000s
PDF statistics:
 475 PDF objects out of 300000
 157 named destinations out of 131072
 281 words of extra memory for PDF output out of 65536
</usr/share/texmf/fonts/type1/bluesky/cm/cmsy10.pfb></usr
/share/texmf/fonts/type1/bluesky/cm/cmr8.pfb></usr/share/texmf/fonts/type1/blue
sky/cm/cmsy8.pfb></usr/share/texmf/fonts/type1/bluesky/cm/cmex10.pfb></usr/shar
e/texmf/fonts/type1/bluesky/cm/cmmi8.pfb> </var/cache/fonts/pk/ljfour/jknappen/
tc/tcst1200.600pk></usr/share/texmf/fonts/type1/bluesky/cm/cmsltt10.pfb></usr/s
hare/texmf/fonts/type1/bluesky/cm/cmtt12.pfb> </var/cache/fonts/pk/ljfour/jknap
pen/tc/tcrm1200.600pk></usr/share/texmf/fonts/type1/bluesky/cm/cmti12.pfb></usr
/share/texmf/fonts/type1/bluesky/cm/cmmi12.pfb></usr/share/texmf/fonts/type1/bl
uesky/cm/cmbx12.pfb></usr/share/texmf/fonts/type1/bluesky/cm/cmr12.pfb></usr/sh
are/texmf/fonts/type1/bluesky/cm/cmr17.pfb>
Output written on maanova.pdf (33 pages, 341803 bytes).
